Build started 12/3/2015 14:52:04.
     1>Project "D:\DirectX\Mario3\Ver1\Mario3_ver1\Mario3_ver1\Mario3_ver1.vcxproj" on node 2 (Build target(s)).
     1>ClCompile:
         C:\Program Files (x86)\Microsoft Visual Studio 12.0\VC\bin\CL.exe /c /ZI /nologo /W3 /WX- /sdl /Od /Oy- /D _MBCS /Gm /EHsc /RTC1 /MDd /GS /fp:precise /Zc:wchar_t /Zc:forScope /Fo"Debug\\" /Fd"Debug\vc120.pdb" /Gd /TP /analyze- /errorReport:prompt CMarioObject.cpp
         CMarioObject.cpp
         c:\program files (x86)\microsoft directx sdk (june 2010)\include\dinput.h: DIRECTINPUT_VERSION undefined. Defaulting to version 0x0800
     1>d:\directx\mario3\ver1\mario3_ver1\mario3_ver1\cbasegameobject.h(54): warning C4244: 'return' : conversion from 'float' to 'int', possible loss of data
     1>d:\directx\mario3\ver1\mario3_ver1\mario3_ver1\cbasegameobject.h(55): warning C4244: 'return' : conversion from 'float' to 'int', possible loss of data
     1>d:\directx\mario3\ver1\mario3_ver1\mario3_ver1\cmarioobject.cpp(251): warning C4244: '+=' : conversion from 'double' to 'FLOAT', possible loss of data
     1>d:\directx\mario3\ver1\mario3_ver1\mario3_ver1\cmarioobject.cpp(263): warning C4244: '+=' : conversion from 'double' to 'FLOAT', possible loss of data
     1>d:\directx\mario3\ver1\mario3_ver1\mario3_ver1\cmarioobject.cpp(269): warning C4244: '+=' : conversion from 'double' to 'FLOAT', possible loss of data
     1>d:\directx\mario3\ver1\mario3_ver1\mario3_ver1\cmarioobject.cpp(415): warning C4244: 'argument' : conversion from 'float' to 'int', possible loss of data
       Link:
         C:\Program Files (x86)\Microsoft Visual Studio 12.0\VC\bin\link.exe /ERRORREPORT:PROMPT /OUT:"D:\DirectX\Mario3\Ver1\Mario3_ver1\Debug\Mario3_ver1.exe" /INCREMENTAL /NOLOGO d3d9.lib d3dx9.lib dxguid.lib dxerr.lib dinput8.lib kernel32.lib user32.lib gdi32.lib winspool.lib comdlg32.lib advapi32.lib shell32.lib ole32.lib oleaut32.lib uuid.lib odbc32.lib odbccp32.lib /MANIFEST /MANIFESTUAC:"level='asInvoker' uiAccess='false'" /manifest:embed /DEBUG /PDB:"D:\DirectX\Mario3\Ver1\Mario3_ver1\Debug\Mario3_ver1.pdb" /TLBID:1 /DYNAMICBASE /NXCOMPAT /IMPLIB:"D:\DirectX\Mario3\Ver1\Mario3_ver1\Debug\Mario3_ver1.lib" /MACHINE:X86 Debug\CAnimation.obj
         Debug\CBackGround.obj
         Debug\CBaseEnemy.obj
         Debug\CBaseGameObject.obj
         Debug\CBoxGround.obj
         Debug\CBrick.obj
         Debug\CCamera.obj
         Debug\CCollision.obj
         Debug\CDevice.obj
         Debug\CDrawObject.obj
         Debug\CEnemyRun.obj
         Debug\CFileConfig.obj
         Debug\CFileUtil.obj
         Debug\CGame.obj
         Debug\CLoadBackground.obj
         Debug\CMario.obj
         Debug\CMarioObject.obj
         Debug\CPoolObject.obj
         Debug\CSprite.obj
         Debug\CState.obj
         Debug\CStateGamePlay.obj
         Debug\CTexture.obj
         Debug\CViewWindows.obj
         Debug\CInput.obj
         Debug\Main.obj
         Debug\StateGameManager.obj
         Mario3_ver1.vcxproj -> D:\DirectX\Mario3\Ver1\Mario3_ver1\Debug\Mario3_ver1.exe
     1>Done Building Project "D:\DirectX\Mario3\Ver1\Mario3_ver1\Mario3_ver1\Mario3_ver1.vcxproj" (Build target(s)).

Build succeeded.

Time Elapsed 00:00:05.36
